********************************************************************************
*                    Tuesday, February 21, 2017 3:46:25 AM                     *
********************************************************************************
CSharpCompilerWrapper.exe version: 2.0.3.30
Platform: Windows
Target assembly: Assembly-CSharp.dll
Project directory: C:\Coding\Unity\NUP
Target profile directory: C:\Program Files\Unity\Editor\Data\Mono\lib\mono\unity
Unity 'Data' or 'Frameworks' directory: C:/Program Files/Unity/Editor/Data
Compiler: Microsoft C# 7.0

- Compilation -----------------------------------------------

Process: C:\Coding\Unity\NUP\CSharp70Support\Roslyn\csc.exe
Arguments: -nostdlib+ -noconfig -nologo -r:"C:\Program Files\Unity\Editor\Data\Mono\lib\mono\unity\mscorlib.dll" -r:"C:\Program Files\Unity\Editor\Data\Mono\lib\mono\unity\System.dll" -r:"C:\Program Files\Unity\Editor\Data\Mono\lib\mono\unity\System.Core.dll" -r:"C:\Program Files\Unity\Editor\Data\Mono\lib\mono\unity\System.Xml.dll" @Temp/UnityTempFile-efc9afd32c010f84d9a25d9fa7c0437d 
Exit code: 0
Elapsed time: 0.82 sec

- Compiler output (0 lines):

- Compiler errors (0 lines):

- PDB to MDB conversion --------------------------------------

Process: C:\Coding\Unity\NUP\CSharp70Support\Roslyn\pdb2mdb.exe
Arguments: Temp\Assembly-CSharp.dll
Exit code: 0
Elapsed time: 0.06 sec

- pdb2mdb.exe output (0 lines):
********************************************************************************
*                    Tuesday, February 21, 2017 3:46:27 AM                     *
********************************************************************************
CSharpCompilerWrapper.exe version: 2.0.3.30
Platform: Windows
Target assembly: Assembly-CSharp-Editor.dll
Project directory: C:\Coding\Unity\NUP
Target profile directory: C:\Program Files\Unity\Editor\Data\Mono\lib\mono\2.0
Unity 'Data' or 'Frameworks' directory: C:/Program Files/Unity/Editor/Data
Compiler: Microsoft C# 7.0

- Compilation -----------------------------------------------

Process: C:\Coding\Unity\NUP\CSharp70Support\Roslyn\csc.exe
Arguments: -nostdlib+ -noconfig -nologo -r:"C:\Program Files\Unity\Editor\Data\Mono\lib\mono\2.0\mscorlib.dll" -r:"C:\Program Files\Unity\Editor\Data\Mono\lib\mono\2.0\System.dll" -r:"C:\Program Files\Unity\Editor\Data\Mono\lib\mono\2.0\System.Core.dll" -r:"C:\Program Files\Unity\Editor\Data\Mono\lib\mono\2.0\System.Xml.dll" @Temp/UnityTempFile-d00b47824816ae946b8477082f75937c 
Exit code: 0
Elapsed time: 0.42 sec

- Compiler output (0 lines):

- Compiler errors (0 lines):

- PDB to MDB conversion --------------------------------------

Process: C:\Coding\Unity\NUP\CSharp70Support\Roslyn\pdb2mdb.exe
Arguments: Temp\Assembly-CSharp-Editor.dll
Exit code: 0
Elapsed time: 0.04 sec

- pdb2mdb.exe output (0 lines):
********************************************************************************
*                    Tuesday, February 21, 2017 3:49:36 AM                     *
********************************************************************************
CSharpCompilerWrapper.exe version: 2.0.3.30
Platform: Windows
Target assembly: Assembly-CSharp.dll
Project directory: C:\Coding\Unity\NUP
Target profile directory: C:\Program Files\Unity\Editor\Data\Mono\lib\mono\unity
Unity 'Data' or 'Frameworks' directory: C:/Program Files/Unity/Editor/Data
Compiler: Microsoft C# 7.0

- Compilation -----------------------------------------------

Process: C:\Coding\Unity\NUP\CSharp70Support\Roslyn\csc.exe
Arguments: -nostdlib+ -noconfig -nologo -r:"C:\Program Files\Unity\Editor\Data\Mono\lib\mono\unity\mscorlib.dll" -r:"C:\Program Files\Unity\Editor\Data\Mono\lib\mono\unity\System.dll" -r:"C:\Program Files\Unity\Editor\Data\Mono\lib\mono\unity\System.Core.dll" -r:"C:\Program Files\Unity\Editor\Data\Mono\lib\mono\unity\System.Xml.dll" @Temp/UnityTempFile-a7654148f3505c84ab571be7661d1003 
Exit code: 1
Elapsed time: 0.57 sec

- Compiler output (0 lines):

- Compiler errors (4 lines):
0: Assets\Code\Tiles\TilesHandler.cs(154,13): error CS0311: The type 'Code.Tiles.Tile' cannot be used as type parameter 'T' in the generic type or method 'GameObject.AddComponent<T>()'. There is no implicit reference conversion from 'Code.Tiles.Tile' to 'UnityEngine.Component'.
1: Assets\Code\Tiles\TilesHandler.cs(175,13): error CS0311: The type 'Code.Tiles.Tile' cannot be used as type parameter 'T' in the generic type or method 'GameObject.AddComponent<T>()'. There is no implicit reference conversion from 'Code.Tiles.Tile' to 'UnityEngine.Component'.
2: Assets\Code\Tiles\TilesHandler.cs(189,13): error CS0311: The type 'Code.Tiles.Tile' cannot be used as type parameter 'T' in the generic type or method 'GameObject.AddComponent<T>()'. There is no implicit reference conversion from 'Code.Tiles.Tile' to 'UnityEngine.Component'.
3: Assets\Code\Grid.cs(61,13): error CS0311: The type 'Code.Tiles.Tile' cannot be used as type parameter 'T' in the generic type or method 'GameObject.AddComponent<T>()'. There is no implicit reference conversion from 'Code.Tiles.Tile' to 'UnityEngine.Component'.
********************************************************************************
*                    Tuesday, February 21, 2017 3:50:00 AM                     *
********************************************************************************
CSharpCompilerWrapper.exe version: 2.0.3.30
Platform: Windows
Target assembly: Assembly-CSharp.dll
Project directory: C:\Coding\Unity\NUP
Target profile directory: C:\Program Files\Unity\Editor\Data\Mono\lib\mono\unity
Unity 'Data' or 'Frameworks' directory: C:/Program Files/Unity/Editor/Data
Compiler: Microsoft C# 7.0

- Compilation -----------------------------------------------

Process: C:\Coding\Unity\NUP\CSharp70Support\Roslyn\csc.exe
Arguments: -nostdlib+ -noconfig -nologo -r:"C:\Program Files\Unity\Editor\Data\Mono\lib\mono\unity\mscorlib.dll" -r:"C:\Program Files\Unity\Editor\Data\Mono\lib\mono\unity\System.dll" -r:"C:\Program Files\Unity\Editor\Data\Mono\lib\mono\unity\System.Core.dll" -r:"C:\Program Files\Unity\Editor\Data\Mono\lib\mono\unity\System.Xml.dll" @Temp/UnityTempFile-ce4376b27c01f6f4d9007d53a5a59f33 
Exit code: 0
Elapsed time: 0.71 sec

- Compiler output (0 lines):

- Compiler errors (0 lines):

- PDB to MDB conversion --------------------------------------

Process: C:\Coding\Unity\NUP\CSharp70Support\Roslyn\pdb2mdb.exe
Arguments: Temp\Assembly-CSharp.dll
Exit code: 0
Elapsed time: 0.06 sec

- pdb2mdb.exe output (0 lines):
********************************************************************************
*                    Tuesday, February 21, 2017 3:50:01 AM                     *
********************************************************************************
CSharpCompilerWrapper.exe version: 2.0.3.30
Platform: Windows
Target assembly: Assembly-CSharp-Editor.dll
Project directory: C:\Coding\Unity\NUP
Target profile directory: C:\Program Files\Unity\Editor\Data\Mono\lib\mono\2.0
Unity 'Data' or 'Frameworks' directory: C:/Program Files/Unity/Editor/Data
Compiler: Microsoft C# 7.0

- Compilation -----------------------------------------------

Process: C:\Coding\Unity\NUP\CSharp70Support\Roslyn\csc.exe
Arguments: -nostdlib+ -noconfig -nologo -r:"C:\Program Files\Unity\Editor\Data\Mono\lib\mono\2.0\mscorlib.dll" -r:"C:\Program Files\Unity\Editor\Data\Mono\lib\mono\2.0\System.dll" -r:"C:\Program Files\Unity\Editor\Data\Mono\lib\mono\2.0\System.Core.dll" -r:"C:\Program Files\Unity\Editor\Data\Mono\lib\mono\2.0\System.Xml.dll" @Temp/UnityTempFile-d4e356eb21c5f1440bd8f835729e5856 
Exit code: 0
Elapsed time: 0.39 sec

- Compiler output (0 lines):

- Compiler errors (0 lines):

- PDB to MDB conversion --------------------------------------

Process: C:\Coding\Unity\NUP\CSharp70Support\Roslyn\pdb2mdb.exe
Arguments: Temp\Assembly-CSharp-Editor.dll
Exit code: 0
Elapsed time: 0.04 sec

- pdb2mdb.exe output (0 lines):
